Analysis & Synthesis report for Clock
Tue Oct 10 14:50:58 2017
Quartus Prime Version 17.0.0 Build 595 04/25/2017 SJ Lite Edition


---------------------
; Table of Contents ;
---------------------
  1. Legal Notice
  2. Analysis & Synthesis Summary
  3. Analysis & Synthesis Settings
  4. Parallel Compilation
  5. Analysis & Synthesis Source Files Read
  6. Analysis & Synthesis Resource Usage Summary
  7. Analysis & Synthesis Resource Utilization by Entity
  8. State Machine - |TopLevel|Clock:CFSM|fstate
  9. User-Specified and Inferred Latches
 10. Registers Removed During Synthesis
 11. General Register Statistics
 12. Inverted Register Statistics
 13. Multiplexer Restructuring Statistics (Restructuring Performed)
 14. Parameter Settings for User Entity Instance: Mux2Way:MUX0
 15. Parameter Settings for User Entity Instance: fluxoDados:FD0|registrador:R0
 16. Parameter Settings for User Entity Instance: fluxoDados:FD0|registrador:R1
 17. Parameter Settings for User Entity Instance: fluxoDados:FD0|registrador:R2
 18. Parameter Settings for User Entity Instance: fluxoDados:FD0|registrador:R3
 19. Parameter Settings for User Entity Instance: fluxoDados:FD0|registrador:R4
 20. Parameter Settings for User Entity Instance: fluxoDados:FD0|registrador:R5
 21. Parameter Settings for User Entity Instance: fluxoDados:FD0|Mux6Way:MUX6WAY0
 22. Parameter Settings for User Entity Instance: fluxoDados:FD0|ula:ULA0
 23. Port Connectivity Checks: "conversorHex7Seg:CONV5"
 24. Port Connectivity Checks: "conversorHex7Seg:CONV4"
 25. Port Connectivity Checks: "conversorHex7Seg:CONV3"
 26. Port Connectivity Checks: "conversorHex7Seg:CONV2"
 27. Port Connectivity Checks: "conversorHex7Seg:CONV1"
 28. Port Connectivity Checks: "conversorHex7Seg:CONV0"
 29. Port Connectivity Checks: "fluxoDados:FD0|ula:ULA0"
 30. Port Connectivity Checks: "fluxoDados:FD0|registrador:R5"
 31. Port Connectivity Checks: "fluxoDados:FD0|registrador:R4"
 32. Port Connectivity Checks: "fluxoDados:FD0|registrador:R3"
 33. Port Connectivity Checks: "fluxoDados:FD0|registrador:R1"
 34. Port Connectivity Checks: "fluxoDados:FD0|registrador:R0"
 35. Port Connectivity Checks: "Clock:CFSM"
 36. Port Connectivity Checks: "clockDivisorFast:CDF0"
 37. Port Connectivity Checks: "clockDivisor:CD0"
 38. Post-Synthesis Netlist Statistics for Top Partition
 39. Elapsed Time Per Partition
 40. Analysis & Synthesis Messages



----------------
; Legal Notice ;
----------------
Copyright (C) 2017  Intel Corporation. All rights reserved.
Your use of Intel Corporation's design tools, logic functions 
and other software and tools, and its AMPP partner logic 
functions, and any output files from any of the foregoing 
(including device programming or simulation files), and any 
associated documentation or information are expressly subject 
to the terms and conditions of the Intel Program License 
Subscription Agreement, the Intel Quartus Prime License Agreement,
the Intel MegaCore Function License Agreement, or other 
applicable license agreement, including, without limitation, 
that your use is for the sole purpose of programming logic 
devices manufactured by Intel and sold by Intel or its 
authorized distributors.  Please refer to the applicable 
agreement for further details.



+----------------------------------------------------------------------------------+
; Analysis & Synthesis Summary                                                     ;
+------------------------------------+---------------------------------------------+
; Analysis & Synthesis Status        ; Successful - Tue Oct 10 14:50:58 2017       ;
; Quartus Prime Version              ; 17.0.0 Build 595 04/25/2017 SJ Lite Edition ;
; Revision Name                      ; Clock                                       ;
; Top-level Entity Name              ; TopLevel                                    ;
; Family                             ; Cyclone IV E                                ;
; Total logic elements               ; 250                                         ;
;     Total combinational functions  ; 250                                         ;
;     Dedicated logic registers      ; 67                                          ;
; Total registers                    ; 67                                          ;
; Total pins                         ; 65                                          ;
; Total virtual pins                 ; 0                                           ;
; Total memory bits                  ; 0                                           ;
; Embedded Multiplier 9-bit elements ; 0                                           ;
; Total PLLs                         ; 0                                           ;
+------------------------------------+---------------------------------------------+


+----------------------------------------------------------------------------------------------------------------------+
; Analysis & Synthesis Settings                                                                                        ;
+----------------------------------------------------------------------------+--------------------+--------------------+
; Option                                                                     ; Setting            ; Default Value      ;
+----------------------------------------------------------------------------+--------------------+--------------------+
; Device                                                                     ; EP4CE115F29C8      ;                    ;
; Top-level entity name                                                      ; TopLevel           ; Clock              ;
; Family name                                                                ; Cyclone IV E       ; Cyclone V          ;
; Use smart compilation                                                      ; Off                ; Off                ;
; Enable parallel Assembler and TimeQuest Timing Analyzer during compilation ; On                 ; On                 ;
; Enable compact report table                                                ; Off                ; Off                ;
; Restructure Multiplexers                                                   ; Auto               ; Auto               ;
; Create Debugging Nodes for IP Cores                                        ; Off                ; Off                ;
; Preserve fewer node names                                                  ; On                 ; On                 ;
; OpenCore Plus hardware evaluation                                          ; Enable             ; Enable             ;
; Verilog Version                                                            ; Verilog_2001       ; Verilog_2001       ;
; VHDL Version                                                               ; VHDL_1993          ; VHDL_1993          ;
; State Machine Processing                                                   ; Auto               ; Auto               ;
; Safe State Machine                                                         ; Off                ; Off                ;
; Extract Verilog State Machines                                             ; On                 ; On                 ;
; Extract VHDL State Machines                                                ; On                 ; On                 ;
; Ignore Verilog initial constructs                                          ; Off                ; Off                ;
; Iteration limit for constant Verilog loops                                 ; 5000               ; 5000               ;
; Iteration limit for non-constant Verilog loops                             ; 250                ; 250                ;
; Add Pass-Through Logic to Inferred RAMs                                    ; On                 ; On                 ;
; Infer RAMs from Raw Logic                                                  ; On                 ; On                 ;
; Parallel Synthesis                                                         ; On                 ; On                 ;
; DSP Block Balancing                                                        ; Auto               ; Auto               ;
; NOT Gate Push-Back                                                         ; On                 ; On                 ;
; Power-Up Don't Care                                                        ; On                 ; On                 ;
; Remove Redundant Logic Cells                                               ; Off                ; Off                ;
; Remove Duplicate Registers                                                 ; On                 ; On                 ;
; Ignore CARRY Buffers                                                       ; Off                ; Off                ;
; Ignore CASCADE Buffers                                                     ; Off                ; Off                ;
; Ignore GLOBAL Buffers                                                      ; Off                ; Off                ;
; Ignore ROW GLOBAL Buffers                                                  ; Off                ; Off                ;
; Ignore LCELL Buffers                                                       ; Off                ; Off                ;
; Ignore SOFT Buffers                                                        ; On                 ; On                 ;
; Limit AHDL Integers to 32 Bits                                             ; Off                ; Off                ;
; Optimization Technique                                                     ; Balanced           ; Balanced           ;
; Carry Chain Length                                                         ; 70                 ; 70                 ;
; Auto Carry Chains                                                          ; On                 ; On                 ;
; Auto Open-Drain Pins                                                       ; On                 ; On                 ;
; Perform WYSIWYG Primitive Resynthesis                                      ; Off                ; Off                ;
; Auto ROM Replacement                                                       ; On                 ; On                 ;
; Auto RAM Replacement                                                       ; On                 ; On                 ;
; Auto DSP Block Replacement                                                 ; On                 ; On                 ;
; Auto Shift Register Replacement                                            ; Auto               ; Auto               ;
; Allow Shift Register Merging across Hierarchies                            ; Auto               ; Auto               ;
; Auto Clock Enable Replacement                                              ; On                 ; On                 ;
; Strict RAM Replacement                                                     ; Off                ; Off                ;
; Allow Synchronous Control Signals                                          ; On                 ; On                 ;
; Force Use of Synchronous Clear Signals                                     ; Off                ; Off                ;
; Auto RAM Block Balancing                                                   ; On                 ; On                 ;
; Auto RAM to Logic Cell Conversion                                          ; Off                ; Off                ;
; Auto Resource Sharing                                                      ; Off                ; Off                ;
; Allow Any RAM Size For Recognition                                         ; Off                ; Off                ;
; Allow Any ROM Size For Recognition                                         ; Off                ; Off                ;
; Allow Any Shift Register Size For Recognition                              ; Off                ; Off                ;
; Use LogicLock Constraints during Resource Balancing                        ; On                 ; On                 ;
; Ignore translate_off and synthesis_off directives                          ; Off                ; Off                ;
; Timing-Driven Synthesis                                                    ; On                 ; On                 ;
; Report Parameter Settings                                                  ; On                 ; On                 ;
; Report Source Assignments                                                  ; On                 ; On                 ;
; Report Connectivity Checks                                                 ; On                 ; On                 ;
; Ignore Maximum Fan-Out Assignments                                         ; Off                ; Off                ;
; Synchronization Register Chain Length                                      ; 2                  ; 2                  ;
; PowerPlay Power Optimization During Synthesis                              ; Normal compilation ; Normal compilation ;
; HDL message level                                                          ; Level2             ; Level2             ;
; Suppress Register Optimization Related Messages                            ; Off                ; Off                ;
; Number of Removed Registers Reported in Synthesis Report                   ; 5000               ; 5000               ;
; Number of Swept Nodes Reported in Synthesis Report                         ; 5000               ; 5000               ;
; Number of Inverted Registers Reported in Synthesis Report                  ; 100                ; 100                ;
; Clock MUX Protection                                                       ; On                 ; On                 ;
; Auto Gated Clock Conversion                                                ; Off                ; Off                ;
; Block Design Naming                                                        ; Auto               ; Auto               ;
; SDC constraint protection                                                  ; Off                ; Off                ;
; Synthesis Effort                                                           ; Auto               ; Auto               ;
; Shift Register Replacement - Allow Asynchronous Clear Signal               ; On                 ; On                 ;
; Pre-Mapping Resynthesis Optimization                                       ; Off                ; Off                ;
; Analysis & Synthesis Message Level                                         ; Medium             ; Medium             ;
; Disable Register Merging Across Hierarchies                                ; Auto               ; Auto               ;
; Resource Aware Inference For Block RAM                                     ; On                 ; On                 ;
+----------------------------------------------------------------------------+--------------------+--------------------+


+------------------------------------------+
; Parallel Compilation                     ;
+----------------------------+-------------+
; Processors                 ; Number      ;
+----------------------------+-------------+
; Number detected on machine ; 4           ;
; Maximum allowed            ; 2           ;
;                            ;             ;
; Average used               ; 1.00        ;
; Maximum used               ; 2           ;
;                            ;             ;
; Usage by Processor         ; % Time Used ;
;     Processor 1            ; 100.0%      ;
;     Processor 2            ;   0.0%      ;
+----------------------------+-------------+


+-------------------------------------------------------------------------------------------------------------------------------------------------------+
; Analysis & Synthesis Source Files Read                                                                                                                ;
+----------------------------------+-----------------+-----------------+----------------------------------------------------------------------+---------+
; File Name with User-Entered Path ; Used in Netlist ; File Type       ; File Name with Absolute Path                                         ; Library ;
+----------------------------------+-----------------+-----------------+----------------------------------------------------------------------+---------+
; Mux2Way.vhd                      ; yes             ; User VHDL File  ; C:/Users/lucas/OneDrive/Insper/DesignComp/Clock/Mux2Way.vhd          ;         ;
; Clock.vhd                        ; yes             ; User VHDL File  ; C:/Users/lucas/OneDrive/Insper/DesignComp/Clock/Clock.vhd            ;         ;
; unidadeControle.vhd              ; yes             ; User VHDL File  ; C:/Users/lucas/OneDrive/Insper/DesignComp/Clock/unidadeControle.vhd  ;         ;
; ula.vhd                          ; yes             ; User VHDL File  ; C:/Users/lucas/OneDrive/Insper/DesignComp/Clock/ula.vhd              ;         ;
; TopLevel.vhd                     ; yes             ; User VHDL File  ; C:/Users/lucas/OneDrive/Insper/DesignComp/Clock/TopLevel.vhd         ;         ;
; registrador.vhd                  ; yes             ; User VHDL File  ; C:/Users/lucas/OneDrive/Insper/DesignComp/Clock/registrador.vhd      ;         ;
; Mux6Way.vhd                      ; yes             ; User VHDL File  ; C:/Users/lucas/OneDrive/Insper/DesignComp/Clock/Mux6Way.vhd          ;         ;
; fluxoDados.vhd                   ; yes             ; User VHDL File  ; C:/Users/lucas/OneDrive/Insper/DesignComp/Clock/fluxoDados.vhd       ;         ;
; conversorHex7Seg.vhd             ; yes             ; User VHDL File  ; C:/Users/lucas/OneDrive/Insper/DesignComp/Clock/conversorHex7Seg.vhd ;         ;
; clockDivisor.vhd                 ; yes             ; User VHDL File  ; C:/Users/lucas/OneDrive/Insper/DesignComp/Clock/clockDivisor.vhd     ;         ;
; clockDivisorFast.vhd             ; yes             ; User VHDL File  ; C:/Users/lucas/OneDrive/Insper/DesignComp/Clock/clockDivisorFast.vhd ;         ;
+----------------------------------+-----------------+-----------------+----------------------------------------------------------------------+---------+


+--------------------------------------------------------------+
; Analysis & Synthesis Resource Usage Summary                  ;
+---------------------------------------------+----------------+
; Resource                                    ; Usage          ;
+---------------------------------------------+----------------+
; Estimated Total logic elements              ; 250            ;
;                                             ;                ;
; Total combinational functions               ; 250            ;
; Logic element usage by number of LUT inputs ;                ;
;     -- 4 input functions                    ; 152            ;
;     -- 3 input functions                    ; 31             ;
;     -- <=2 input functions                  ; 67             ;
;                                             ;                ;
; Logic elements by mode                      ;                ;
;     -- normal mode                          ; 213            ;
;     -- arithmetic mode                      ; 37             ;
;                                             ;                ;
; Total registers                             ; 67             ;
;     -- Dedicated logic registers            ; 67             ;
;     -- I/O registers                        ; 0              ;
;                                             ;                ;
; I/O pins                                    ; 65             ;
;                                             ;                ;
; Embedded Multiplier 9-bit elements          ; 0              ;
;                                             ;                ;
; Maximum fan-out node                        ; CLOCK_50~input ;
; Maximum fan-out                             ; 43             ;
; Total fan-out                               ; 1074           ;
; Average fan-out                             ; 2.40           ;
+---------------------------------------------+----------------+


+--------------------------------------------------------------------------------------------------------------------------------------------------------------------------------------------------------------------------------------+
; Analysis & Synthesis Resource Utilization by Entity                                                                                                                                                                                  ;
+-----------------------------+---------------------+---------------------------+-------------+--------------+---------+-----------+------+--------------+-------------------------------------------+------------------+--------------+
; Compilation Hierarchy Node  ; Combinational ALUTs ; Dedicated Logic Registers ; Memory Bits ; DSP Elements ; DSP 9x9 ; DSP 18x18 ; Pins ; Virtual Pins ; Full Hierarchy Name                       ; Entity Name      ; Library Name ;
+-----------------------------+---------------------+---------------------------+-------------+--------------+---------+-----------+------+--------------+-------------------------------------------+------------------+--------------+
; |TopLevel                   ; 250 (0)             ; 67 (0)                    ; 0           ; 0            ; 0       ; 0         ; 65   ; 0            ; |TopLevel                                 ; TopLevel         ; work         ;
;    |Clock:CFSM|             ; 8 (8)               ; 4 (4)                     ; 0           ; 0            ; 0       ; 0         ; 0    ; 0            ; |TopLevel|Clock:CFSM                      ; Clock            ; work         ;
;    |Mux2Way:MUX0|           ; 1 (1)               ; 0 (0)                     ; 0           ; 0            ; 0       ; 0         ; 0    ; 0            ; |TopLevel|Mux2Way:MUX0                    ; Mux2Way          ; work         ;
;    |clockDivisor:CD0|       ; 45 (45)             ; 23 (23)                   ; 0           ; 0            ; 0       ; 0         ; 0    ; 0            ; |TopLevel|clockDivisor:CD0                ; clockDivisor     ; work         ;
;    |clockDivisorFast:CDF0|  ; 27 (27)             ; 16 (16)                   ; 0           ; 0            ; 0       ; 0         ; 0    ; 0            ; |TopLevel|clockDivisorFast:CDF0           ; clockDivisorFast ; work         ;
;    |conversorHex7Seg:CONV0| ; 8 (8)               ; 0 (0)                     ; 0           ; 0            ; 0       ; 0         ; 0    ; 0            ; |TopLevel|conversorHex7Seg:CONV0          ; conversorHex7Seg ; work         ;
;    |conversorHex7Seg:CONV1| ; 8 (8)               ; 0 (0)                     ; 0           ; 0            ; 0       ; 0         ; 0    ; 0            ; |TopLevel|conversorHex7Seg:CONV1          ; conversorHex7Seg ; work         ;
;    |conversorHex7Seg:CONV2| ; 8 (8)               ; 0 (0)                     ; 0           ; 0            ; 0       ; 0         ; 0    ; 0            ; |TopLevel|conversorHex7Seg:CONV2          ; conversorHex7Seg ; work         ;
;    |conversorHex7Seg:CONV3| ; 8 (8)               ; 0 (0)                     ; 0           ; 0            ; 0       ; 0         ; 0    ; 0            ; |TopLevel|conversorHex7Seg:CONV3          ; conversorHex7Seg ; work         ;
;    |conversorHex7Seg:CONV4| ; 8 (8)               ; 0 (0)                     ; 0           ; 0            ; 0       ; 0         ; 0    ; 0            ; |TopLevel|conversorHex7Seg:CONV4          ; conversorHex7Seg ; work         ;
;    |conversorHex7Seg:CONV5| ; 8 (8)               ; 0 (0)                     ; 0           ; 0            ; 0       ; 0         ; 0    ; 0            ; |TopLevel|conversorHex7Seg:CONV5          ; conversorHex7Seg ; work         ;
;    |fluxoDados:FD0|         ; 66 (0)              ; 24 (0)                    ; 0           ; 0            ; 0       ; 0         ; 0    ; 0            ; |TopLevel|fluxoDados:FD0                  ; fluxoDados       ; work         ;
;       |Mux6Way:MUX6WAY0|    ; 15 (15)             ; 0 (0)                     ; 0           ; 0            ; 0       ; 0         ; 0    ; 0            ; |TopLevel|fluxoDados:FD0|Mux6Way:MUX6WAY0 ; Mux6Way          ; work         ;
;       |registrador:R0|      ; 8 (8)               ; 4 (4)                     ; 0           ; 0            ; 0       ; 0         ; 0    ; 0            ; |TopLevel|fluxoDados:FD0|registrador:R0   ; registrador      ; work         ;
;       |registrador:R1|      ; 7 (7)               ; 4 (4)                     ; 0           ; 0            ; 0       ; 0         ; 0    ; 0            ; |TopLevel|fluxoDados:FD0|registrador:R1   ; registrador      ; work         ;
;       |registrador:R2|      ; 5 (5)               ; 4 (4)                     ; 0           ; 0            ; 0       ; 0         ; 0    ; 0            ; |TopLevel|fluxoDados:FD0|registrador:R2   ; registrador      ; work         ;
;       |registrador:R3|      ; 7 (7)               ; 4 (4)                     ; 0           ; 0            ; 0       ; 0         ; 0    ; 0            ; |TopLevel|fluxoDados:FD0|registrador:R3   ; registrador      ; work         ;
;       |registrador:R4|      ; 12 (12)             ; 4 (4)                     ; 0           ; 0            ; 0       ; 0         ; 0    ; 0            ; |TopLevel|fluxoDados:FD0|registrador:R4   ; registrador      ; work         ;
;       |registrador:R5|      ; 8 (8)               ; 4 (4)                     ; 0           ; 0            ; 0       ; 0         ; 0    ; 0            ; |TopLevel|fluxoDados:FD0|registrador:R5   ; registrador      ; work         ;
;       |ula:ULA0|            ; 4 (4)               ; 0 (0)                     ; 0           ; 0            ; 0       ; 0         ; 0    ; 0            ; |TopLevel|fluxoDados:FD0|ula:ULA0         ; ula              ; work         ;
;    |unidadeControle:UC0|    ; 55 (55)             ; 0 (0)                     ; 0           ; 0            ; 0       ; 0         ; 0    ; 0            ; |TopLevel|unidadeControle:UC0             ; unidadeControle  ; work         ;
+-----------------------------+---------------------+---------------------------+-------------+--------------+---------+-----------+------+--------------+-------------------------------------------+------------------+--------------+
Note: For table entries with two numbers listed, the numbers in parentheses indicate the number of resources of the given type used by the specific entity alone. The numbers listed outside of parentheses indicate the total resources of the given type used by the specific entity and all of its sub-entities in the hierarchy.


Encoding Type:  One-Hot
+-------------------------------------------------------------------------------+
; State Machine - |TopLevel|Clock:CFSM|fstate                                   ;
+---------------+---------------+---------------+---------------+---------------+
; Name          ; fstate.state3 ; fstate.state2 ; fstate.state1 ; fstate.state0 ;
+---------------+---------------+---------------+---------------+---------------+
; fstate.state0 ; 0             ; 0             ; 0             ; 0             ;
; fstate.state1 ; 0             ; 0             ; 1             ; 1             ;
; fstate.state2 ; 0             ; 1             ; 0             ; 1             ;
; fstate.state3 ; 1             ; 0             ; 0             ; 1             ;
+---------------+---------------+---------------+---------------+---------------+


+-------------------------------------------------------------------------------------------------------------+
; User-Specified and Inferred Latches                                                                         ;
+----------------------------------------------------+-------------------------------+------------------------+
; Latch Name                                         ; Latch Enable Signal           ; Free of Timing Hazards ;
+----------------------------------------------------+-------------------------------+------------------------+
; unidadeControle:UC0|MUX_SPEED                      ; unidadeControle:UC0|MUX_SPEED ; yes                    ;
; Number of user-specified and inferred latches = 1  ;                               ;                        ;
+----------------------------------------------------+-------------------------------+------------------------+
Note: All latches listed above may not be present at the end of synthesis due to various synthesis optimizations.


+--------------------------------------------------------------------------------------+
; Registers Removed During Synthesis                                                   ;
+---------------------------------------+----------------------------------------------+
; Register name                         ; Reason for Removal                           ;
+---------------------------------------+----------------------------------------------+
; clockDivisor:CD0|counter[0]           ; Merged with clockDivisorFast:CDF0|counter[0] ;
; clockDivisor:CD0|counter[1]           ; Merged with clockDivisorFast:CDF0|counter[1] ;
; clockDivisor:CD0|counter[2]           ; Merged with clockDivisorFast:CDF0|counter[2] ;
; Total Number of Removed Registers = 3 ;                                              ;
+---------------------------------------+----------------------------------------------+


+------------------------------------------------------+
; General Register Statistics                          ;
+----------------------------------------------+-------+
; Statistic                                    ; Value ;
+----------------------------------------------+-------+
; Total registers                              ; 67    ;
; Number of registers using Synchronous Clear  ; 0     ;
; Number of registers using Synchronous Load   ; 0     ;
; Number of registers using Asynchronous Clear ; 0     ;
; Number of registers using Asynchronous Load  ; 0     ;
; Number of registers using Clock Enable       ; 0     ;
; Number of registers using Preset             ; 0     ;
+----------------------------------------------+-------+


+--------------------------------------------------+
; Inverted Register Statistics                     ;
+----------------------------------------+---------+
; Inverted Register                      ; Fan out ;
+----------------------------------------+---------+
; fluxoDados:FD0|registrador:R2|q[0]     ; 12      ;
; Total number of inverted registers = 1 ;         ;
+----------------------------------------+---------+


+--------------------------------------------------------------------------------------------------------------------------------------------------------------+
; Multiplexer Restructuring Statistics (Restructuring Performed)                                                                                               ;
+--------------------+-----------+---------------+----------------------+------------------------+------------+------------------------------------------------+
; Multiplexer Inputs ; Bus Width ; Baseline Area ; Area if Restructured ; Saving if Restructured ; Registered ; Example Multiplexer Output                     ;
+--------------------+-----------+---------------+----------------------+------------------------+------------+------------------------------------------------+
; 3:1                ; 4 bits    ; 8 LEs         ; 4 LEs                ; 4 LEs                  ; Yes        ; |TopLevel|fluxoDados:FD0|registrador:R0|q[3]   ;
; 3:1                ; 4 bits    ; 8 LEs         ; 4 LEs                ; 4 LEs                  ; Yes        ; |TopLevel|fluxoDados:FD0|registrador:R1|q[2]   ;
; 3:1                ; 3 bits    ; 6 LEs         ; 3 LEs                ; 3 LEs                  ; Yes        ; |TopLevel|fluxoDados:FD0|registrador:R2|q[2]   ;
; 3:1                ; 4 bits    ; 8 LEs         ; 4 LEs                ; 4 LEs                  ; Yes        ; |TopLevel|fluxoDados:FD0|registrador:R3|q[3]   ;
; 3:1                ; 4 bits    ; 8 LEs         ; 4 LEs                ; 4 LEs                  ; Yes        ; |TopLevel|fluxoDados:FD0|registrador:R4|q[3]   ;
; 3:1                ; 4 bits    ; 8 LEs         ; 4 LEs                ; 4 LEs                  ; Yes        ; |TopLevel|fluxoDados:FD0|registrador:R5|q[0]   ;
; 8:1                ; 4 bits    ; 20 LEs        ; 16 LEs               ; 4 LEs                  ; No         ; |TopLevel|fluxoDados:FD0|Mux6Way:MUX6WAY0|Mux3 ;
; 10:1               ; 2 bits    ; 12 LEs        ; 4 LEs                ; 8 LEs                  ; No         ; |TopLevel|unidadeControle:UC0|REG_ENABLE[1]    ;
; 12:1               ; 2 bits    ; 16 LEs        ; 10 LEs               ; 6 LEs                  ; No         ; |TopLevel|unidadeControle:UC0|SEL_MUX_DEMUX[1] ;
; 13:1               ; 2 bits    ; 16 LEs        ; 10 LEs               ; 6 LEs                  ; No         ; |TopLevel|unidadeControle:UC0|SEL_MUX_DEMUX[0] ;
+--------------------+-----------+---------------+----------------------+------------------------+------------+------------------------------------------------+


+-----------------------------------------------------------+
; Parameter Settings for User Entity Instance: Mux2Way:MUX0 ;
+----------------+-------+----------------------------------+
; Parameter Name ; Value ; Type                             ;
+----------------+-------+----------------------------------+
; bits           ; 4     ; Signed Integer                   ;
+----------------+-------+----------------------------------+
Note: In order to hide this table in the UI and the text report file, please set the "Show Parameter Settings in Synthesis Report" option in "Analysis and Synthesis Settings -> More Settings" to "Off".


+----------------------------------------------------------------------------+
; Parameter Settings for User Entity Instance: fluxoDados:FD0|registrador:R0 ;
+----------------+-------+---------------------------------------------------+
; Parameter Name ; Value ; Type                                              ;
+----------------+-------+---------------------------------------------------+
; bits           ; 4     ; Signed Integer                                    ;
+----------------+-------+---------------------------------------------------+
Note: In order to hide this table in the UI and the text report file, please set the "Show Parameter Settings in Synthesis Report" option in "Analysis and Synthesis Settings -> More Settings" to "Off".


+----------------------------------------------------------------------------+
; Parameter Settings for User Entity Instance: fluxoDados:FD0|registrador:R1 ;
+----------------+-------+---------------------------------------------------+
; Parameter Name ; Value ; Type                                              ;
+----------------+-------+---------------------------------------------------+
; bits           ; 4     ; Signed Integer                                    ;
+----------------+-------+---------------------------------------------------+
Note: In order to hide this table in the UI and the text report file, please set the "Show Parameter Settings in Synthesis Report" option in "Analysis and Synthesis Settings -> More Settings" to "Off".


+----------------------------------------------------------------------------+
; Parameter Settings for User Entity Instance: fluxoDados:FD0|registrador:R2 ;
+----------------+-------+---------------------------------------------------+
; Parameter Name ; Value ; Type                                              ;
+----------------+-------+---------------------------------------------------+
; bits           ; 4     ; Signed Integer                                    ;
+----------------+-------+---------------------------------------------------+
Note: In order to hide this table in the UI and the text report file, please set the "Show Parameter Settings in Synthesis Report" option in "Analysis and Synthesis Settings -> More Settings" to "Off".


+----------------------------------------------------------------------------+
; Parameter Settings for User Entity Instance: fluxoDados:FD0|registrador:R3 ;
+----------------+-------+---------------------------------------------------+
; Parameter Name ; Value ; Type                                              ;
+----------------+-------+---------------------------------------------------+
; bits           ; 4     ; Signed Integer                                    ;
+----------------+-------+---------------------------------------------------+
Note: In order to hide this table in the UI and the text report file, please set the "Show Parameter Settings in Synthesis Report" option in "Analysis and Synthesis Settings -> More Settings" to "Off".


+----------------------------------------------------------------------------+
; Parameter Settings for User Entity Instance: fluxoDados:FD0|registrador:R4 ;
+----------------+-------+---------------------------------------------------+
; Parameter Name ; Value ; Type                                              ;
+----------------+-------+---------------------------------------------------+
; bits           ; 4     ; Signed Integer                                    ;
+----------------+-------+---------------------------------------------------+
Note: In order to hide this table in the UI and the text report file, please set the "Show Parameter Settings in Synthesis Report" option in "Analysis and Synthesis Settings -> More Settings" to "Off".


+----------------------------------------------------------------------------+
; Parameter Settings for User Entity Instance: fluxoDados:FD0|registrador:R5 ;
+----------------+-------+---------------------------------------------------+
; Parameter Name ; Value ; Type                                              ;
+----------------+-------+---------------------------------------------------+
; bits           ; 4     ; Signed Integer                                    ;
+----------------+-------+---------------------------------------------------+
Note: In order to hide this table in the UI and the text report file, please set the "Show Parameter Settings in Synthesis Report" option in "Analysis and Synthesis Settings -> More Settings" to "Off".


+------------------------------------------------------------------------------+
; Parameter Settings for User Entity Instance: fluxoDados:FD0|Mux6Way:MUX6WAY0 ;
+----------------+-------+-----------------------------------------------------+
; Parameter Name ; Value ; Type                                                ;
+----------------+-------+-----------------------------------------------------+
; bits           ; 4     ; Signed Integer                                      ;
+----------------+-------+-----------------------------------------------------+
Note: In order to hide this table in the UI and the text report file, please set the "Show Parameter Settings in Synthesis Report" option in "Analysis and Synthesis Settings -> More Settings" to "Off".


+----------------------------------------------------------------------+
; Parameter Settings for User Entity Instance: fluxoDados:FD0|ula:ULA0 ;
+----------------+-------+---------------------------------------------+
; Parameter Name ; Value ; Type                                        ;
+----------------+-------+---------------------------------------------+
; bits           ; 4     ; Signed Integer                              ;
+----------------+-------+---------------------------------------------+
Note: In order to hide this table in the UI and the text report file, please set the "Show Parameter Settings in Synthesis Report" option in "Analysis and Synthesis Settings -> More Settings" to "Off".


+----------------------------------------------------+
; Port Connectivity Checks: "conversorHex7Seg:CONV5" ;
+----------+-------+----------+----------------------+
; Port     ; Type  ; Severity ; Details              ;
+----------+-------+----------+----------------------+
; apaga    ; Input ; Info     ; Stuck at GND         ;
; negativo ; Input ; Info     ; Stuck at GND         ;
; overflow ; Input ; Info     ; Stuck at GND         ;
+----------+-------+----------+----------------------+


+----------------------------------------------------+
; Port Connectivity Checks: "conversorHex7Seg:CONV4" ;
+----------+-------+----------+----------------------+
; Port     ; Type  ; Severity ; Details              ;
+----------+-------+----------+----------------------+
; apaga    ; Input ; Info     ; Stuck at GND         ;
; negativo ; Input ; Info     ; Stuck at GND         ;
; overflow ; Input ; Info     ; Stuck at GND         ;
+----------+-------+----------+----------------------+


+----------------------------------------------------+
; Port Connectivity Checks: "conversorHex7Seg:CONV3" ;
+----------+-------+----------+----------------------+
; Port     ; Type  ; Severity ; Details              ;
+----------+-------+----------+----------------------+
; apaga    ; Input ; Info     ; Stuck at GND         ;
; negativo ; Input ; Info     ; Stuck at GND         ;
; overflow ; Input ; Info     ; Stuck at GND         ;
+----------+-------+----------+----------------------+


+----------------------------------------------------+
; Port Connectivity Checks: "conversorHex7Seg:CONV2" ;
+----------+-------+----------+----------------------+
; Port     ; Type  ; Severity ; Details              ;
+----------+-------+----------+----------------------+
; apaga    ; Input ; Info     ; Stuck at GND         ;
; negativo ; Input ; Info     ; Stuck at GND         ;
; overflow ; Input ; Info     ; Stuck at GND         ;
+----------+-------+----------+----------------------+


+----------------------------------------------------+
; Port Connectivity Checks: "conversorHex7Seg:CONV1" ;
+----------+-------+----------+----------------------+
; Port     ; Type  ; Severity ; Details              ;
+----------+-------+----------+----------------------+
; apaga    ; Input ; Info     ; Stuck at GND         ;
; negativo ; Input ; Info     ; Stuck at GND         ;
; overflow ; Input ; Info     ; Stuck at GND         ;
+----------+-------+----------+----------------------+


+----------------------------------------------------+
; Port Connectivity Checks: "conversorHex7Seg:CONV0" ;
+----------+-------+----------+----------------------+
; Port     ; Type  ; Severity ; Details              ;
+----------+-------+----------+----------------------+
; apaga    ; Input ; Info     ; Stuck at GND         ;
; negativo ; Input ; Info     ; Stuck at GND         ;
; overflow ; Input ; Info     ; Stuck at GND         ;
+----------+-------+----------+----------------------+


+-----------------------------------------------------+
; Port Connectivity Checks: "fluxoDados:FD0|ula:ULA0" ;
+------------+-------+----------+---------------------+
; Port       ; Type  ; Severity ; Details             ;
+------------+-------+----------+---------------------+
; in_b[3..1] ; Input ; Info     ; Stuck at GND        ;
; in_b[0]    ; Input ; Info     ; Stuck at VCC        ;
+------------+-------+----------+---------------------+


+-----------------------------------------------------------+
; Port Connectivity Checks: "fluxoDados:FD0|registrador:R5" ;
+-------------+-------+----------+--------------------------+
; Port        ; Type  ; Severity ; Details                  ;
+-------------+-------+----------+--------------------------+
; async_value ; Input ; Info     ; Stuck at GND             ;
+-------------+-------+----------+--------------------------+


+-----------------------------------------------------------+
; Port Connectivity Checks: "fluxoDados:FD0|registrador:R4" ;
+-------------+-------+----------+--------------------------+
; Port        ; Type  ; Severity ; Details                  ;
+-------------+-------+----------+--------------------------+
; async_value ; Input ; Info     ; Stuck at GND             ;
+-------------+-------+----------+--------------------------+


+-----------------------------------------------------------+
; Port Connectivity Checks: "fluxoDados:FD0|registrador:R3" ;
+-------------+-------+----------+--------------------------+
; Port        ; Type  ; Severity ; Details                  ;
+-------------+-------+----------+--------------------------+
; async_value ; Input ; Info     ; Stuck at GND             ;
+-------------+-------+----------+--------------------------+


+-----------------------------------------------------------+
; Port Connectivity Checks: "fluxoDados:FD0|registrador:R1" ;
+-------------+-------+----------+--------------------------+
; Port        ; Type  ; Severity ; Details                  ;
+-------------+-------+----------+--------------------------+
; async_value ; Input ; Info     ; Stuck at GND             ;
+-------------+-------+----------+--------------------------+


+-----------------------------------------------------------+
; Port Connectivity Checks: "fluxoDados:FD0|registrador:R0" ;
+-------------+-------+----------+--------------------------+
; Port        ; Type  ; Severity ; Details                  ;
+-------------+-------+----------+--------------------------+
; async_value ; Input ; Info     ; Stuck at GND             ;
+-------------+-------+----------+--------------------------+


+-----------------------------------------+
; Port Connectivity Checks: "Clock:CFSM"  ;
+-------+-------+----------+--------------+
; Port  ; Type  ; Severity ; Details      ;
+-------+-------+----------+--------------+
; reset ; Input ; Info     ; Stuck at GND ;
+-------+-------+----------+--------------+


+---------------------------------------------------+
; Port Connectivity Checks: "clockDivisorFast:CDF0" ;
+-------+-------+----------+------------------------+
; Port  ; Type  ; Severity ; Details                ;
+-------+-------+----------+------------------------+
; reset ; Input ; Info     ; Stuck at GND           ;
+-------+-------+----------+------------------------+


+----------------------------------------------+
; Port Connectivity Checks: "clockDivisor:CD0" ;
+-------+-------+----------+-------------------+
; Port  ; Type  ; Severity ; Details           ;
+-------+-------+----------+-------------------+
; reset ; Input ; Info     ; Stuck at GND      ;
+-------+-------+----------+-------------------+


+-----------------------------------------------------+
; Post-Synthesis Netlist Statistics for Top Partition ;
+-----------------------+-----------------------------+
; Type                  ; Count                       ;
+-----------------------+-----------------------------+
; boundary_port         ; 65                          ;
; cycloneiii_ff         ; 67                          ;
;     plain             ; 67                          ;
; cycloneiii_lcell_comb ; 250                         ;
;     arith             ; 37                          ;
;         2 data inputs ; 36                          ;
;         3 data inputs ; 1                           ;
;     normal            ; 213                         ;
;         1 data inputs ; 2                           ;
;         2 data inputs ; 29                          ;
;         3 data inputs ; 30                          ;
;         4 data inputs ; 152                         ;
;                       ;                             ;
; Max LUT depth         ; 10.00                       ;
; Average LUT depth     ; 5.30                        ;
+-----------------------+-----------------------------+


+-------------------------------+
; Elapsed Time Per Partition    ;
+----------------+--------------+
; Partition Name ; Elapsed Time ;
+----------------+--------------+
; Top            ; 00:00:01     ;
+----------------+--------------+


+-------------------------------+
; Analysis & Synthesis Messages ;
+-------------------------------+
Info: *******************************************************************
Info: Running Quartus Prime Analysis & Synthesis
    Info: Version 17.0.0 Build 595 04/25/2017 SJ Lite Edition
    Info: Processing started: Tue Oct 10 14:50:42 2017
Info: Command: quartus_map --read_settings_files=on --write_settings_files=off Clock -c Clock
Warning (18236): Number of processors has not been specified which may cause overloading on shared machines.  Set the global assignment NUM_PARALLEL_PROCESSORS in your QSF to an appropriate value for best performance.
Info (20030): Parallel compilation is enabled and will use 2 of the 2 processors detected
Info (12021): Found 2 design units, including 1 entities, in source file mux2way.vhd
    Info (12022): Found design unit 1: Mux2Way-rtl File: C:/Users/lucas/OneDrive/Insper/DesignComp/Clock/Mux2Way.vhd Line: 19
    Info (12023): Found entity 1: Mux2Way File: C:/Users/lucas/OneDrive/Insper/DesignComp/Clock/Mux2Way.vhd Line: 5
Info (12021): Found 2 design units, including 1 entities, in source file clock.vhd
    Info (12022): Found design unit 1: Clock-BEHAVIOR File: C:/Users/lucas/OneDrive/Insper/DesignComp/Clock/Clock.vhd Line: 33
    Info (12023): Found entity 1: Clock File: C:/Users/lucas/OneDrive/Insper/DesignComp/Clock/Clock.vhd Line: 22
Info (12021): Found 2 design units, including 1 entities, in source file unidadecontrole.vhd
    Info (12022): Found design unit 1: unidadeControle-rtl File: C:/Users/lucas/OneDrive/Insper/DesignComp/Clock/unidadeControle.vhd Line: 21
    Info (12023): Found entity 1: unidadeControle File: C:/Users/lucas/OneDrive/Insper/DesignComp/Clock/unidadeControle.vhd Line: 4
Info (12021): Found 2 design units, including 1 entities, in source file ula.vhd
    Info (12022): Found design unit 1: ula-rtl File: C:/Users/lucas/OneDrive/Insper/DesignComp/Clock/ula.vhd Line: 23
    Info (12023): Found entity 1: ula File: C:/Users/lucas/OneDrive/Insper/DesignComp/Clock/ula.vhd Line: 6
Info (12021): Found 2 design units, including 1 entities, in source file toplevel.vhd
    Info (12022): Found design unit 1: TopLevel-rtl File: C:/Users/lucas/OneDrive/Insper/DesignComp/Clock/TopLevel.vhd Line: 22
    Info (12023): Found entity 1: TopLevel File: C:/Users/lucas/OneDrive/Insper/DesignComp/Clock/TopLevel.vhd Line: 5
Info (12021): Found 2 design units, including 1 entities, in source file registrador.vhd
    Info (12022): Found design unit 1: registrador-rtl File: C:/Users/lucas/OneDrive/Insper/DesignComp/Clock/registrador.vhd Line: 25
    Info (12023): Found entity 1: registrador File: C:/Users/lucas/OneDrive/Insper/DesignComp/Clock/registrador.vhd Line: 6
Info (12021): Found 2 design units, including 1 entities, in source file mux6way.vhd
    Info (12022): Found design unit 1: Mux6Way-rtl File: C:/Users/lucas/OneDrive/Insper/DesignComp/Clock/Mux6Way.vhd Line: 19
    Info (12023): Found entity 1: Mux6Way File: C:/Users/lucas/OneDrive/Insper/DesignComp/Clock/Mux6Way.vhd Line: 5
Info (12021): Found 2 design units, including 1 entities, in source file fluxodados.vhd
    Info (12022): Found design unit 1: fluxoDados-rtl File: C:/Users/lucas/OneDrive/Insper/DesignComp/Clock/fluxoDados.vhd Line: 19
    Info (12023): Found entity 1: fluxoDados File: C:/Users/lucas/OneDrive/Insper/DesignComp/Clock/fluxoDados.vhd Line: 4
Info (12021): Found 2 design units, including 1 entities, in source file conversorhex7seg.vhd
    Info (12022): Found design unit 1: conversorHex7Seg-comportamento File: C:/Users/lucas/OneDrive/Insper/DesignComp/Clock/conversorHex7Seg.vhd Line: 17
    Info (12023): Found entity 1: conversorHex7Seg File: C:/Users/lucas/OneDrive/Insper/DesignComp/Clock/conversorHex7Seg.vhd Line: 4
Info (12021): Found 2 design units, including 1 entities, in source file clockdivisor.vhd
    Info (12022): Found design unit 1: clockDivisor-rtl File: C:/Users/lucas/OneDrive/Insper/DesignComp/Clock/clockDivisor.vhd Line: 12
    Info (12023): Found entity 1: clockDivisor File: C:/Users/lucas/OneDrive/Insper/DesignComp/Clock/clockDivisor.vhd Line: 4
Info (12021): Found 2 design units, including 1 entities, in source file clockdivisorfast.vhd
    Info (12022): Found design unit 1: clockDivisorFast-rtl File: C:/Users/lucas/OneDrive/Insper/DesignComp/Clock/clockDivisorFast.vhd Line: 12
    Info (12023): Found entity 1: clockDivisorFast File: C:/Users/lucas/OneDrive/Insper/DesignComp/Clock/clockDivisorFast.vhd Line: 4
Info (12127): Elaborating entity "TopLevel" for the top level hierarchy
Warning (10540): VHDL Signal Declaration warning at TopLevel.vhd(106): used explicit default value for signal "SIG_RESET_CLK" because signal was never assigned a value File: C:/Users/lucas/OneDrive/Insper/DesignComp/Clock/TopLevel.vhd Line: 106
Warning (10540): VHDL Signal Declaration warning at TopLevel.vhd(106): used explicit default value for signal "SIG_APAGA" because signal was never assigned a value File: C:/Users/lucas/OneDrive/Insper/DesignComp/Clock/TopLevel.vhd Line: 106
Warning (10540): VHDL Signal Declaration warning at TopLevel.vhd(106): used explicit default value for signal "SIG_NEG" because signal was never assigned a value File: C:/Users/lucas/OneDrive/Insper/DesignComp/Clock/TopLevel.vhd Line: 106
Warning (10540): VHDL Signal Declaration warning at TopLevel.vhd(106): used explicit default value for signal "SIG_OF" because signal was never assigned a value File: C:/Users/lucas/OneDrive/Insper/DesignComp/Clock/TopLevel.vhd Line: 106
Info (12128): Elaborating entity "clockDivisor" for hierarchy "clockDivisor:CD0" File: C:/Users/lucas/OneDrive/Insper/DesignComp/Clock/TopLevel.vhd Line: 119
Info (12128): Elaborating entity "clockDivisorFast" for hierarchy "clockDivisorFast:CDF0" File: C:/Users/lucas/OneDrive/Insper/DesignComp/Clock/TopLevel.vhd Line: 120
Info (12128): Elaborating entity "Mux2Way" for hierarchy "Mux2Way:MUX0" File: C:/Users/lucas/OneDrive/Insper/DesignComp/Clock/TopLevel.vhd Line: 121
Info (12128): Elaborating entity "Clock" for hierarchy "Clock:CFSM" File: C:/Users/lucas/OneDrive/Insper/DesignComp/Clock/TopLevel.vhd Line: 122
Info (12128): Elaborating entity "fluxoDados" for hierarchy "fluxoDados:FD0" File: C:/Users/lucas/OneDrive/Insper/DesignComp/Clock/TopLevel.vhd Line: 123
Warning (10540): VHDL Signal Declaration warning at fluxoDados.vhd(64): used explicit default value for signal "ONE" because signal was never assigned a value File: C:/Users/lucas/OneDrive/Insper/DesignComp/Clock/fluxoDados.vhd Line: 64
Info (12128): Elaborating entity "registrador" for hierarchy "fluxoDados:FD0|registrador:R0" File: C:/Users/lucas/OneDrive/Insper/DesignComp/Clock/fluxoDados.vhd Line: 69
Warning (10036): Verilog HDL or VHDL warning at registrador.vhd(26): object "temp" assigned a value but never read File: C:/Users/lucas/OneDrive/Insper/DesignComp/Clock/registrador.vhd Line: 26
Info (12128): Elaborating entity "Mux6Way" for hierarchy "fluxoDados:FD0|Mux6Way:MUX6WAY0" File: C:/Users/lucas/OneDrive/Insper/DesignComp/Clock/fluxoDados.vhd Line: 75
Info (12128): Elaborating entity "ula" for hierarchy "fluxoDados:FD0|ula:ULA0" File: C:/Users/lucas/OneDrive/Insper/DesignComp/Clock/fluxoDados.vhd Line: 76
Info (12128): Elaborating entity "unidadeControle" for hierarchy "unidadeControle:UC0" File: C:/Users/lucas/OneDrive/Insper/DesignComp/Clock/TopLevel.vhd Line: 124
Warning (10541): VHDL Signal Declaration warning at unidadeControle.vhd(16): used implicit default value for signal "TEMP" because signal was never assigned a value or an explicit default value. Use of implicit default value may introduce unintended design optimizations. File: C:/Users/lucas/OneDrive/Insper/DesignComp/Clock/unidadeControle.vhd Line: 16
Warning (10492): VHDL Process Statement warning at unidadeControle.vhd(71): signal "IN_FSM_STATE" is read inside the Process Statement but isn't in the Process Statement's sensitivity list File: C:/Users/lucas/OneDrive/Insper/DesignComp/Clock/unidadeControle.vhd Line: 71
Warning (10492): VHDL Process Statement warning at unidadeControle.vhd(73): signal "IN_FSM_STATE" is read inside the Process Statement but isn't in the Process Statement's sensitivity list File: C:/Users/lucas/OneDrive/Insper/DesignComp/Clock/unidadeControle.vhd Line: 73
Warning (10492): VHDL Process Statement warning at unidadeControle.vhd(76): signal "IN_FSM_STATE" is read inside the Process Statement but isn't in the Process Statement's sensitivity list File: C:/Users/lucas/OneDrive/Insper/DesignComp/Clock/unidadeControle.vhd Line: 76
Warning (10492): VHDL Process Statement warning at unidadeControle.vhd(78): signal "IN_KEY" is read inside the Process Statement but isn't in the Process Statement's sensitivity list File: C:/Users/lucas/OneDrive/Insper/DesignComp/Clock/unidadeControle.vhd Line: 78
Warning (10492): VHDL Process Statement warning at unidadeControle.vhd(85): signal "IN_KEY" is read inside the Process Statement but isn't in the Process Statement's sensitivity list File: C:/Users/lucas/OneDrive/Insper/DesignComp/Clock/unidadeControle.vhd Line: 85
Warning (10492): VHDL Process Statement warning at unidadeControle.vhd(93): signal "IN_KEY" is read inside the Process Statement but isn't in the Process Statement's sensitivity list File: C:/Users/lucas/OneDrive/Insper/DesignComp/Clock/unidadeControle.vhd Line: 93
Warning (10492): VHDL Process Statement warning at unidadeControle.vhd(100): signal "IN_KEY" is read inside the Process Statement but isn't in the Process Statement's sensitivity list File: C:/Users/lucas/OneDrive/Insper/DesignComp/Clock/unidadeControle.vhd Line: 100
Warning (10492): VHDL Process Statement warning at unidadeControle.vhd(111): signal "IN_FSM_STATE" is read inside the Process Statement but isn't in the Process Statement's sensitivity list File: C:/Users/lucas/OneDrive/Insper/DesignComp/Clock/unidadeControle.vhd Line: 111
Warning (10492): VHDL Process Statement warning at unidadeControle.vhd(113): signal "IN_KEY" is read inside the Process Statement but isn't in the Process Statement's sensitivity list File: C:/Users/lucas/OneDrive/Insper/DesignComp/Clock/unidadeControle.vhd Line: 113
Warning (10492): VHDL Process Statement warning at unidadeControle.vhd(120): signal "IN_KEY" is read inside the Process Statement but isn't in the Process Statement's sensitivity list File: C:/Users/lucas/OneDrive/Insper/DesignComp/Clock/unidadeControle.vhd Line: 120
Warning (10492): VHDL Process Statement warning at unidadeControle.vhd(128): signal "IN_KEY" is read inside the Process Statement but isn't in the Process Statement's sensitivity list File: C:/Users/lucas/OneDrive/Insper/DesignComp/Clock/unidadeControle.vhd Line: 128
Warning (10492): VHDL Process Statement warning at unidadeControle.vhd(135): signal "IN_KEY" is read inside the Process Statement but isn't in the Process Statement's sensitivity list File: C:/Users/lucas/OneDrive/Insper/DesignComp/Clock/unidadeControle.vhd Line: 135
Warning (10631): VHDL Process Statement warning at unidadeControle.vhd(24): inferring latch(es) for signal or variable "MUX_SPEED", which holds its previous value in one or more paths through the process File: C:/Users/lucas/OneDrive/Insper/DesignComp/Clock/unidadeControle.vhd Line: 24
Info (10041): Inferred latch for "MUX_SPEED" at unidadeControle.vhd(24) File: C:/Users/lucas/OneDrive/Insper/DesignComp/Clock/unidadeControle.vhd Line: 24
Info (12128): Elaborating entity "conversorHex7Seg" for hierarchy "conversorHex7Seg:CONV0" File: C:/Users/lucas/OneDrive/Insper/DesignComp/Clock/TopLevel.vhd Line: 125
Warning (19016): Clock multiplexers are found and protected
    Warning (19017): Found clock multiplexer Mux2Way:MUX0|OUT0 File: C:/Users/lucas/OneDrive/Insper/DesignComp/Clock/Mux2Way.vhd Line: 14
Warning (13012): Latch unidadeControle:UC0|MUX_SPEED has unsafe behavior File: C:/Users/lucas/OneDrive/Insper/DesignComp/Clock/unidadeControle.vhd Line: 15
    Warning (13013): Ports ENA and CLR on the latch are fed by the same signal Clock:CFSM|fstate.state2 File: C:/Users/lucas/OneDrive/Insper/DesignComp/Clock/Clock.vhd Line: 35
    Warning (13013): Ports ENA and PRE on the latch are fed by the same signal Clock:CFSM|fstate.state0 File: C:/Users/lucas/OneDrive/Insper/DesignComp/Clock/Clock.vhd Line: 35
Info (286030): Timing-Driven Synthesis is running
Info (16010): Generating hard_block partition "hard_block:auto_generated_inst"
    Info (16011): Adding 0 node(s), including 0 DDIO, 0 PLL, 0 transceiver and 0 LCELL
Warning (21074): Design contains 15 input pin(s) that do not drive logic
    Warning (15610): No output dependent on input pin "SW[3]" File: C:/Users/lucas/OneDrive/Insper/DesignComp/Clock/TopLevel.vhd Line: 10
    Warning (15610): No output dependent on input pin "SW[4]" File: C:/Users/lucas/OneDrive/Insper/DesignComp/Clock/TopLevel.vhd Line: 10
    Warning (15610): No output dependent on input pin "SW[5]" File: C:/Users/lucas/OneDrive/Insper/DesignComp/Clock/TopLevel.vhd Line: 10
    Warning (15610): No output dependent on input pin "SW[6]" File: C:/Users/lucas/OneDrive/Insper/DesignComp/Clock/TopLevel.vhd Line: 10
    Warning (15610): No output dependent on input pin "SW[7]" File: C:/Users/lucas/OneDrive/Insper/DesignComp/Clock/TopLevel.vhd Line: 10
    Warning (15610): No output dependent on input pin "SW[8]" File: C:/Users/lucas/OneDrive/Insper/DesignComp/Clock/TopLevel.vhd Line: 10
    Warning (15610): No output dependent on input pin "SW[9]" File: C:/Users/lucas/OneDrive/Insper/DesignComp/Clock/TopLevel.vhd Line: 10
    Warning (15610): No output dependent on input pin "SW[10]" File: C:/Users/lucas/OneDrive/Insper/DesignComp/Clock/TopLevel.vhd Line: 10
    Warning (15610): No output dependent on input pin "SW[11]" File: C:/Users/lucas/OneDrive/Insper/DesignComp/Clock/TopLevel.vhd Line: 10
    Warning (15610): No output dependent on input pin "SW[12]" File: C:/Users/lucas/OneDrive/Insper/DesignComp/Clock/TopLevel.vhd Line: 10
    Warning (15610): No output dependent on input pin "SW[13]" File: C:/Users/lucas/OneDrive/Insper/DesignComp/Clock/TopLevel.vhd Line: 10
    Warning (15610): No output dependent on input pin "SW[14]" File: C:/Users/lucas/OneDrive/Insper/DesignComp/Clock/TopLevel.vhd Line: 10
    Warning (15610): No output dependent on input pin "SW[15]" File: C:/Users/lucas/OneDrive/Insper/DesignComp/Clock/TopLevel.vhd Line: 10
    Warning (15610): No output dependent on input pin "SW[16]" File: C:/Users/lucas/OneDrive/Insper/DesignComp/Clock/TopLevel.vhd Line: 10
    Warning (15610): No output dependent on input pin "SW[17]" File: C:/Users/lucas/OneDrive/Insper/DesignComp/Clock/TopLevel.vhd Line: 10
Info (21057): Implemented 315 device resources after synthesis - the final resource count might be different
    Info (21058): Implemented 23 input pins
    Info (21059): Implemented 42 output pins
    Info (21061): Implemented 250 logic cells
Info: Quartus Prime Analysis & Synthesis was successful. 0 errors, 42 warnings
    Info: Peak virtual memory: 685 megabytes
    Info: Processing ended: Tue Oct 10 14:50:58 2017
    Info: Elapsed time: 00:00:16
    Info: Total CPU time (on all processors): 00:00:36


